<?xml version="1.0" encoding="UTF-8"?>
<testng-results ignored="0" total="3" passed="3" failed="0" skipped="0">
  <reporter-output>
  </reporter-output>
  <suite started-at="2020-02-14T12:08:38 IST" name="Default suite" finished-at="2020-02-14T12:08:38 IST" duration-ms="74">
    <groups>
    </groups>
    <test started-at="2020-02-14T12:08:38 IST" name="Default test" finished-at="2020-02-14T12:08:38 IST" duration-ms="74">
      <class name="com.offline.TestNG">
        <test-method signature="LaunchBrowser()[pri:1, instance:com.offline.TestNG@6279cee3]" started-at="2020-02-14T12:08:38 IST" name="LaunchBrowser" description="This test case will launch the browser" finished-at="2020-02-14T12:08:38 IST" duration-ms="14" status="PASS">
          <reporter-output>
          </reporter-output>
        </test-method> <!-- LaunchBrowser -->
        <test-method signature="LandOnHomePage()[pri:2, instance:com.offline.TestNG@6279cee3]" started-at="2020-02-14T12:08:38 IST" name="LandOnHomePage" description="This test case will land on home page" finished-at="2020-02-14T12:08:38 IST" duration-ms="4" status="PASS">
          <reporter-output>
          </reporter-output>
        </test-method> <!-- LandOnHomePage -->
        <test-method signature="CloseBrowser()[pri:3, instance:com.offline.TestNG@6279cee3]" started-at="2020-02-14T12:08:38 IST" name="CloseBrowser" description="This test case will close the browser" finished-at="2020-02-14T12:08:38 IST" duration-ms="4" status="PASS">
          <reporter-output>
          </reporter-output>
        </test-method> <!-- CloseBrowser -->
      </class> <!-- com.offline.TestNG -->
    </test> <!-- Default test -->
  </suite> <!-- Default suite -->
</testng-results>
