<?xml version="1.0" encoding="UTF-8"?>
<!-- Generated by org.testng.reporters.JUnitXMLReporter -->
<testsuite ignored="0" hostname="KL-004-SIVA.local" failures="0" tests="3" name="Default test" time="0.074" errors="0" timestamp="2020-02-14T12:08:43 IST">
  <testcase classname="com.offline.TestNG" name="LaunchBrowser" time="0.014"/>
  <testcase classname="com.offline.TestNG" name="LandOnHomePage" time="0.004"/>
  <testcase classname="com.offline.TestNG" name="CloseBrowser" time="0.004"/>
</testsuite> <!-- Default test -->
